-------------------------------------------------------------------------------
Test set: org.qred.payment.service.PaymentServiceImplTest
-------------------------------------------------------------------------------
Tests run: 4, Failures: 0, Errors: 2, Skipped: 0, Time elapsed: 0.135 s <<< FAILURE! -- in org.qred.payment.service.PaymentServiceImplTest
org.qred.payment.service.PaymentServiceImplTest.shouldSavePayment -- Time elapsed: 0.007 s <<< ERROR!
java.lang.NullPointerException: Cannot invoke "org.qred.payment.repository.ContractRepository.findByContractNumber(String)" because "<local3>.contractRepository" is null
	at org.qred.payment.mapper.PaymentMapper.contractFromNumber(PaymentMapper.java:48)
	at org.qred.payment.mapper.PaymentMapperImpl.toEntity(PaymentMapperImpl.java:46)
	at org.qred.payment.mapper.PaymentMapperImpl.toEntity(PaymentMapperImpl.java:40)
	at org.qred.payment.service.impl.PaymentServiceImpl.save(PaymentServiceImpl.java:49)
	at org.qred.payment.service.PaymentServiceImplTest.shouldSavePayment(PaymentServiceImplTest.java:73)
	at java.base/java.lang.reflect.Method.invoke(Method.java:580)
	at java.base/java.util.ArrayList.forEach(ArrayList.java:1596)
	at java.base/java.util.ArrayList.forEach(ArrayList.java:1596)

org.qred.payment.service.PaymentServiceImplTest.shouldUpdatePayment -- Time elapsed: 0.005 s <<< ERROR!
java.lang.NullPointerException: Cannot invoke "org.qred.payment.service.ContractService.findByContractNumber(String)" because "this.contractService" is null
	at org.qred.payment.service.impl.PaymentServiceImpl.update(PaymentServiceImpl.java:63)
	at org.qred.payment.service.PaymentServiceImplTest.shouldUpdatePayment(PaymentServiceImplTest.java:81)
	at java.base/java.lang.reflect.Method.invoke(Method.java:580)
	at java.base/java.util.ArrayList.forEach(ArrayList.java:1596)
	at java.base/java.util.ArrayList.forEach(ArrayList.java:1596)

